INFO  started: Metals version 0.8.1 in workspace 'C:\Users\onefi\source\repos\matrix'
INFO  time: initialize in 3.27s
WARN  Skipping build import, no checksum.
INFO  no build target: using presentation compiler with only scala-library
Mar 18, 2020 9:30:45 PM org.eclipse.lsp4j.jsonrpc.RemoteEndpoint fallbackResponseError
SEVERE: Internal error: java.lang.StringIndexOutOfBoundsException: String index out of range: -1
java.util.concurrent.CompletionException: java.lang.StringIndexOutOfBoundsException: String index out of range: -1
	at java.base/java.util.concurrent.CompletableFuture.encodeThrowable(CompletableFuture.java:331)
	at java.base/java.util.concurrent.CompletableFuture.completeThrowable(CompletableFuture.java:346)
	at java.base/java.util.concurrent.CompletableFuture$UniAccept.tryFire(CompletableFuture.java:704)
	at java.base/java.util.concurrent.CompletableFuture.postComplete(CompletableFuture.java:506)
	at java.base/java.util.concurrent.CompletableFuture.completeExceptionally(CompletableFuture.java:2088)
	at scala.meta.internal.metals.CancelTokens$.$anonfun$future$1(CancelTokens.scala:38)
	at scala.meta.internal.metals.CancelTokens$.$anonfun$future$1$adapted(CancelTokens.scala:36)
	at scala.concurrent.impl.CallbackRunnable.run(Promise.scala:64)
	at java.base/java.util.concurrent.ThreadPoolExecutor.runWorker(ThreadPoolExecutor.java:1128)
	at java.base/java.util.concurrent.ThreadPoolExecutor$Worker.run(ThreadPoolExecutor.java:628)
	at java.base/java.lang.Thread.run(Thread.java:834)
Caused by: java.lang.StringIndexOutOfBoundsException: String index out of range: -1
	at java.base/java.lang.StringLatin1.charAt(StringLatin1.java:47)
	at java.base/java.lang.String.charAt(String.java:693)
	at scala.collection.immutable.StringOps$.apply$extension(StringOps.scala:41)
	at scala.meta.internal.metals.MetalsEnrichments$XtensionString.lastIndexBetween(MetalsEnrichments.scala:411)
	at scala.meta.internal.metals.MultilineStringFormattingProvider.pipeInScope(MultilineStringFormattingProvider.scala:86)
	at scala.meta.internal.metals.MultilineStringFormattingProvider.$anonfun$withToken$1(MultilineStringFormattingProvider.scala:131)
	at scala.concurrent.Future$.$anonfun$apply$1(Future.scala:659)
	at scala.util.Success.$anonfun$map$1(Try.scala:255)
	at scala.util.Success.map(Try.scala:213)
	at scala.concurrent.Future.$anonfun$map$1(Future.scala:292)
	at scala.concurrent.impl.Promise.liftedTree1$1(Promise.scala:33)
	at scala.concurrent.impl.Promise.$anonfun$transform$1(Promise.scala:33)
	... 4 more

WARN  Skipping build import, no checksum.
Mar 18, 2020 9:52:01 PM org.eclipse.lsp4j.jsonrpc.RemoteEndpoint handleNotification
WARNING: Notification threw an exception: {
  "jsonrpc": "2.0",
  "method": "metals/didFocusTextDocument",
  "params": "git:/c%3A/Users/onefi/source/repos/matrix/build.sc?%7B%22path%22%3A%22c%3A%5C%5CUsers%5C%5Conefi%5C%5Csource%5C%5Crepos%5C%5Cmatrix%5C%5Cbuild.sc%22%2C%22ref%22%3A%22~%22%7D"
}
java.lang.RuntimeException: java.lang.reflect.InvocationTargetException
	at org.eclipse.lsp4j.jsonrpc.services.GenericEndpoint.lambda$null$0(GenericEndpoint.java:67)
	at org.eclipse.lsp4j.jsonrpc.services.GenericEndpoint.notify(GenericEndpoint.java:152)
	at org.eclipse.lsp4j.jsonrpc.RemoteEndpoint.handleNotification(RemoteEndpoint.java:220)
	at org.eclipse.lsp4j.jsonrpc.RemoteEndpoint.consume(RemoteEndpoint.java:187)
	at org.eclipse.lsp4j.jsonrpc.json.StreamMessageProducer.handleMessage(StreamMessageProducer.java:194)
	at org.eclipse.lsp4j.jsonrpc.json.StreamMessageProducer.listen(StreamMessageProducer.java:94)
	at org.eclipse.lsp4j.jsonrpc.json.ConcurrentMessageProcessor.run(ConcurrentMessageProcessor.java:113)
	at java.base/java.util.concurrent.Executors$RunnableAdapter.call(Executors.java:515)
	at java.base/java.util.concurrent.FutureTask.run(FutureTask.java:264)
	at java.base/java.util.concurrent.ThreadPoolExecutor.runWorker(ThreadPoolExecutor.java:1128)
	at java.base/java.util.concurrent.ThreadPoolExecutor$Worker.run(ThreadPoolExecutor.java:628)
	at java.base/java.lang.Thread.run(Thread.java:834)
Caused by: java.lang.reflect.InvocationTargetException
	at java.base/jdk.internal.reflect.NativeMethodAccessorImpl.invoke0(Native Method)
	at java.base/jdk.internal.reflect.NativeMethodAccessorImpl.invoke(NativeMethodAccessorImpl.java:62)
	at java.base/jdk.internal.reflect.DelegatingMethodAccessorImpl.invoke(DelegatingMethodAccessorImpl.java:43)
	at java.base/java.lang.reflect.Method.invoke(Method.java:566)
	at org.eclipse.lsp4j.jsonrpc.services.GenericEndpoint.lambda$null$0(GenericEndpoint.java:65)
	... 11 more
Caused by: java.nio.file.FileSystemNotFoundException: Provider "git" not installed
	at java.base/java.nio.file.Path.of(Path.java:212)
	at java.base/java.nio.file.Paths.get(Paths.java:97)
	at scala.meta.internal.metals.MetalsEnrichments$XtensionString.toAbsolutePath(MetalsEnrichments.scala:419)
	at scala.meta.internal.metals.MetalsLanguageServer.didFocus(MetalsLanguageServer.scala:712)
	... 16 more

INFO  shutting down Metals
INFO  started: Metals version 0.8.1 in workspace 'C:\Users\onefi\source\repos\matrix'
INFO  time: initialize in 2.7s
WARN  Skipping build import, no checksum.
WARN  Skipping build import, no checksum.
INFO  no build target: using presentation compiler with only scala-library
WARN  Skipping build import, no checksum.
Mar 19, 2020 8:11:01 PM org.eclipse.lsp4j.jsonrpc.RemoteEndpoint fallbackResponseError
SEVERE: Internal error: java.lang.StringIndexOutOfBoundsException: String index out of range: -1
java.util.concurrent.CompletionException: java.lang.StringIndexOutOfBoundsException: String index out of range: -1
	at java.base/java.util.concurrent.CompletableFuture.encodeThrowable(CompletableFuture.java:331)
	at java.base/java.util.concurrent.CompletableFuture.completeThrowable(CompletableFuture.java:346)
	at java.base/java.util.concurrent.CompletableFuture$UniAccept.tryFire(CompletableFuture.java:704)
	at java.base/java.util.concurrent.CompletableFuture.postComplete(CompletableFuture.java:506)
	at java.base/java.util.concurrent.CompletableFuture.completeExceptionally(CompletableFuture.java:2088)
	at scala.meta.internal.metals.CancelTokens$.$anonfun$future$1(CancelTokens.scala:38)
	at scala.meta.internal.metals.CancelTokens$.$anonfun$future$1$adapted(CancelTokens.scala:36)
	at scala.concurrent.impl.CallbackRunnable.run(Promise.scala:64)
	at java.base/java.util.concurrent.ThreadPoolExecutor.runWorker(ThreadPoolExecutor.java:1128)
	at java.base/java.util.concurrent.ThreadPoolExecutor$Worker.run(ThreadPoolExecutor.java:628)
	at java.base/java.lang.Thread.run(Thread.java:834)
Caused by: java.lang.StringIndexOutOfBoundsException: String index out of range: -1
	at java.base/java.lang.StringLatin1.charAt(StringLatin1.java:47)
	at java.base/java.lang.String.charAt(String.java:693)
	at scala.collection.immutable.StringOps$.apply$extension(StringOps.scala:41)
	at scala.meta.internal.metals.MetalsEnrichments$XtensionString.lastIndexBetween(MetalsEnrichments.scala:411)
	at scala.meta.internal.metals.MultilineStringFormattingProvider.pipeInScope(MultilineStringFormattingProvider.scala:86)
	at scala.meta.internal.metals.MultilineStringFormattingProvider.$anonfun$withToken$1(MultilineStringFormattingProvider.scala:131)
	at scala.concurrent.Future$.$anonfun$apply$1(Future.scala:659)
	at scala.util.Success.$anonfun$map$1(Try.scala:255)
	at scala.util.Success.map(Try.scala:213)
	at scala.concurrent.Future.$anonfun$map$1(Future.scala:292)
	at scala.concurrent.impl.Promise.liftedTree1$1(Promise.scala:33)
	at scala.concurrent.impl.Promise.$anonfun$transform$1(Promise.scala:33)
	... 4 more

WARN  Skipping build import, no checksum.
WARN  Skipping build import, no checksum.
WARN  Skipping build import, no checksum.
WARN  Skipping build import, no checksum.
Mar 19, 2020 8:13:23 PM org.eclipse.lsp4j.jsonrpc.RemoteEndpoint fallbackResponseError
SEVERE: Internal error: java.lang.StringIndexOutOfBoundsException: String index out of range: -1
java.util.concurrent.CompletionException: java.lang.StringIndexOutOfBoundsException: String index out of range: -1
	at java.base/java.util.concurrent.CompletableFuture.encodeThrowable(CompletableFuture.java:331)
	at java.base/java.util.concurrent.CompletableFuture.completeThrowable(CompletableFuture.java:346)
	at java.base/java.util.concurrent.CompletableFuture$UniAccept.tryFire(CompletableFuture.java:704)
	at java.base/java.util.concurrent.CompletableFuture.postComplete(CompletableFuture.java:506)
	at java.base/java.util.concurrent.CompletableFuture.completeExceptionally(CompletableFuture.java:2088)
	at scala.meta.internal.metals.CancelTokens$.$anonfun$future$1(CancelTokens.scala:38)
	at scala.meta.internal.metals.CancelTokens$.$anonfun$future$1$adapted(CancelTokens.scala:36)
	at scala.concurrent.impl.CallbackRunnable.run(Promise.scala:64)
	at java.base/java.util.concurrent.ThreadPoolExecutor.runWorker(ThreadPoolExecutor.java:1128)
	at java.base/java.util.concurrent.ThreadPoolExecutor$Worker.run(ThreadPoolExecutor.java:628)
	at java.base/java.lang.Thread.run(Thread.java:834)
Caused by: java.lang.StringIndexOutOfBoundsException: String index out of range: -1
	at java.base/java.lang.StringLatin1.charAt(StringLatin1.java:47)
	at java.base/java.lang.String.charAt(String.java:693)
	at scala.collection.immutable.StringOps$.apply$extension(StringOps.scala:41)
	at scala.meta.internal.metals.MetalsEnrichments$XtensionString.lastIndexBetween(MetalsEnrichments.scala:411)
	at scala.meta.internal.metals.MultilineStringFormattingProvider.pipeInScope(MultilineStringFormattingProvider.scala:86)
	at scala.meta.internal.metals.MultilineStringFormattingProvider.$anonfun$withToken$1(MultilineStringFormattingProvider.scala:131)
	at scala.concurrent.Future$.$anonfun$apply$1(Future.scala:659)
	at scala.util.Success.$anonfun$map$1(Try.scala:255)
	at scala.util.Success.map(Try.scala:213)
	at scala.concurrent.Future.$anonfun$map$1(Future.scala:292)
	at scala.concurrent.impl.Promise.liftedTree1$1(Promise.scala:33)
	at scala.concurrent.impl.Promise.$anonfun$transform$1(Promise.scala:33)
	... 4 more

WARN  Skipping build import, no checksum.
INFO  shutting down Metals
INFO  started: Metals version 0.8.2 in workspace 'C:\Users\onefi\source\repos\matrix'
INFO  time: initialize in 3.33s
WARN  Skipping build import, no checksum.
WARN  Skipping build import, no checksum.
INFO  no build target: using presentation compiler with only scala-library
Mar 19, 2020 8:19:06 PM org.eclipse.lsp4j.jsonrpc.RemoteEndpoint handleCancellation
WARNING: Unmatched cancel notification for request id 19
Mar 19, 2020 8:19:06 PM org.eclipse.lsp4j.jsonrpc.RemoteEndpoint handleCancellation
WARNING: Unmatched cancel notification for request id 20
Mar 19, 2020 8:20:09 PM org.eclipse.lsp4j.jsonrpc.services.GenericEndpoint notify
INFO: Unsupported notification method: $/setTraceNotification
Mar 19, 2020 8:20:17 PM org.eclipse.lsp4j.jsonrpc.services.GenericEndpoint notify
INFO: Unsupported notification method: $/setTraceNotification
WARN  no build target for: C:\Users\onefi\source\repos\matrix\matrcomp\src\Main.scala
Mar 19, 2020 8:29:15 PM org.eclipse.lsp4j.jsonrpc.RemoteEndpoint fallbackResponseError
SEVERE: Internal error: java.lang.StringIndexOutOfBoundsException: String index out of range: -1
java.util.concurrent.CompletionException: java.lang.StringIndexOutOfBoundsException: String index out of range: -1
	at java.base/java.util.concurrent.CompletableFuture.encodeThrowable(CompletableFuture.java:331)
	at java.base/java.util.concurrent.CompletableFuture.completeThrowable(CompletableFuture.java:346)
	at java.base/java.util.concurrent.CompletableFuture$UniAccept.tryFire(CompletableFuture.java:704)
	at java.base/java.util.concurrent.CompletableFuture.postComplete(CompletableFuture.java:506)
	at java.base/java.util.concurrent.CompletableFuture.completeExceptionally(CompletableFuture.java:2088)
	at scala.meta.internal.metals.CancelTokens$.$anonfun$future$1(CancelTokens.scala:38)
	at scala.meta.internal.metals.CancelTokens$.$anonfun$future$1$adapted(CancelTokens.scala:36)
	at scala.concurrent.impl.CallbackRunnable.run(Promise.scala:64)
	at java.base/java.util.concurrent.ThreadPoolExecutor.runWorker(ThreadPoolExecutor.java:1128)
	at java.base/java.util.concurrent.ThreadPoolExecutor$Worker.run(ThreadPoolExecutor.java:628)
	at java.base/java.lang.Thread.run(Thread.java:834)
Caused by: java.lang.StringIndexOutOfBoundsException: String index out of range: -1
	at java.base/java.lang.StringLatin1.charAt(StringLatin1.java:47)
	at java.base/java.lang.String.charAt(String.java:693)
	at scala.collection.immutable.StringOps$.apply$extension(StringOps.scala:41)
	at scala.meta.internal.metals.MetalsEnrichments$XtensionString.lastIndexBetween(MetalsEnrichments.scala:408)
	at scala.meta.internal.metals.MultilineStringFormattingProvider.pipeInScope(MultilineStringFormattingProvider.scala:93)
	at scala.meta.internal.metals.MultilineStringFormattingProvider.$anonfun$withToken$1(MultilineStringFormattingProvider.scala:139)
	at scala.concurrent.Future$.$anonfun$apply$1(Future.scala:659)
	at scala.util.Success.$anonfun$map$1(Try.scala:255)
	at scala.util.Success.map(Try.scala:213)
	at scala.concurrent.Future.$anonfun$map$1(Future.scala:292)
	at scala.concurrent.impl.Promise.liftedTree1$1(Promise.scala:33)
	at scala.concurrent.impl.Promise.$anonfun$transform$1(Promise.scala:33)
	... 4 more

Mar 19, 2020 8:29:19 PM org.eclipse.lsp4j.jsonrpc.RemoteEndpoint fallbackResponseError
SEVERE: Internal error: java.lang.StringIndexOutOfBoundsException: String index out of range: -1
java.util.concurrent.CompletionException: java.lang.StringIndexOutOfBoundsException: String index out of range: -1
	at java.base/java.util.concurrent.CompletableFuture.encodeThrowable(CompletableFuture.java:331)
	at java.base/java.util.concurrent.CompletableFuture.completeThrowable(CompletableFuture.java:346)
	at java.base/java.util.concurrent.CompletableFuture$UniAccept.tryFire(CompletableFuture.java:704)
	at java.base/java.util.concurrent.CompletableFuture.postComplete(CompletableFuture.java:506)
	at java.base/java.util.concurrent.CompletableFuture.completeExceptionally(CompletableFuture.java:2088)
	at scala.meta.internal.metals.CancelTokens$.$anonfun$future$1(CancelTokens.scala:38)
	at scala.meta.internal.metals.CancelTokens$.$anonfun$future$1$adapted(CancelTokens.scala:36)
	at scala.concurrent.impl.CallbackRunnable.run(Promise.scala:64)
	at java.base/java.util.concurrent.ThreadPoolExecutor.runWorker(ThreadPoolExecutor.java:1128)
	at java.base/java.util.concurrent.ThreadPoolExecutor$Worker.run(ThreadPoolExecutor.java:628)
	at java.base/java.lang.Thread.run(Thread.java:834)
Caused by: java.lang.StringIndexOutOfBoundsException: String index out of range: -1
	at java.base/java.lang.StringLatin1.charAt(StringLatin1.java:47)
	at java.base/java.lang.String.charAt(String.java:693)
	at scala.collection.immutable.StringOps$.apply$extension(StringOps.scala:41)
	at scala.meta.internal.metals.MetalsEnrichments$XtensionString.lastIndexBetween(MetalsEnrichments.scala:408)
	at scala.meta.internal.metals.MultilineStringFormattingProvider.pipeInScope(MultilineStringFormattingProvider.scala:93)
	at scala.meta.internal.metals.MultilineStringFormattingProvider.$anonfun$withToken$1(MultilineStringFormattingProvider.scala:139)
	at scala.concurrent.Future$.$anonfun$apply$1(Future.scala:659)
	at scala.util.Success.$anonfun$map$1(Try.scala:255)
	at scala.util.Success.map(Try.scala:213)
	at scala.concurrent.Future.$anonfun$map$1(Future.scala:292)
	at scala.concurrent.impl.Promise.liftedTree1$1(Promise.scala:33)
	at scala.concurrent.impl.Promise.$anonfun$transform$1(Promise.scala:33)
	... 4 more

Mar 19, 2020 8:29:20 PM org.eclipse.lsp4j.jsonrpc.RemoteEndpoint fallbackResponseError
SEVERE: Internal error: java.lang.StringIndexOutOfBoundsException: String index out of range: -1
java.util.concurrent.CompletionException: java.lang.StringIndexOutOfBoundsException: String index out of range: -1
	at java.base/java.util.concurrent.CompletableFuture.encodeThrowable(CompletableFuture.java:331)
	at java.base/java.util.concurrent.CompletableFuture.completeThrowable(CompletableFuture.java:346)
	at java.base/java.util.concurrent.CompletableFuture$UniAccept.tryFire(CompletableFuture.java:704)
	at java.base/java.util.concurrent.CompletableFuture.postComplete(CompletableFuture.java:506)
	at java.base/java.util.concurrent.CompletableFuture.completeExceptionally(CompletableFuture.java:2088)
	at scala.meta.internal.metals.CancelTokens$.$anonfun$future$1(CancelTokens.scala:38)
	at scala.meta.internal.metals.CancelTokens$.$anonfun$future$1$adapted(CancelTokens.scala:36)
	at scala.concurrent.impl.CallbackRunnable.run(Promise.scala:64)
	at java.base/java.util.concurrent.ThreadPoolExecutor.runWorker(ThreadPoolExecutor.java:1128)
	at java.base/java.util.concurrent.ThreadPoolExecutor$Worker.run(ThreadPoolExecutor.java:628)
	at java.base/java.lang.Thread.run(Thread.java:834)
Caused by: java.lang.StringIndexOutOfBoundsException: String index out of range: -1
	at java.base/java.lang.StringLatin1.charAt(StringLatin1.java:47)
	at java.base/java.lang.String.charAt(String.java:693)
	at scala.collection.immutable.StringOps$.apply$extension(StringOps.scala:41)
	at scala.meta.internal.metals.MetalsEnrichments$XtensionString.lastIndexBetween(MetalsEnrichments.scala:408)
	at scala.meta.internal.metals.MultilineStringFormattingProvider.pipeInScope(MultilineStringFormattingProvider.scala:93)
	at scala.meta.internal.metals.MultilineStringFormattingProvider.$anonfun$withToken$1(MultilineStringFormattingProvider.scala:139)
	at scala.concurrent.Future$.$anonfun$apply$1(Future.scala:659)
	at scala.util.Success.$anonfun$map$1(Try.scala:255)
	at scala.util.Success.map(Try.scala:213)
	at scala.concurrent.Future.$anonfun$map$1(Future.scala:292)
	at scala.concurrent.impl.Promise.liftedTree1$1(Promise.scala:33)
	at scala.concurrent.impl.Promise.$anonfun$transform$1(Promise.scala:33)
	... 4 more

WARN  no build target for: C:\Users\onefi\source\repos\matrix\matrcomp\src\Main.scala
WARN  code navigation does not work for the file 'C:\Users\onefi\source\repos\matrix\build.sc' because it doesn't belong to a build target.
WARN  code navigation does not work for the file 'C:\Users\onefi\source\repos\matrix\build.sc' because it doesn't belong to a build target.
WARN  Skipping build import, no checksum.
WARN  no build target for: C:\Users\onefi\source\repos\matrix\matrcomp\src\Main.scala
WARN  no build target for: C:\Users\onefi\source\repos\matrix\matrcomp\src\Main.scala
WARN  Skipping build import, no checksum.
WARN  no build target for: C:\Users\onefi\source\repos\matrix\matrcomp\src\Main.scala
WARN  no build target for: C:\Users\onefi\source\repos\matrix\matrcomp\src\Main.scala
WARN  no build target for: C:\Users\onefi\source\repos\matrix\matrcomp\src\Main.scala
Mar 19, 2020 8:38:00 PM org.eclipse.lsp4j.jsonrpc.RemoteEndpoint handleCancellation
WARNING: Unmatched cancel notification for request id 250
Mar 19, 2020 8:38:23 PM org.eclipse.lsp4j.jsonrpc.RemoteEndpoint fallbackResponseError
SEVERE: Internal error: java.lang.StringIndexOutOfBoundsException: String index out of range: -1
java.util.concurrent.CompletionException: java.lang.StringIndexOutOfBoundsException: String index out of range: -1
	at java.base/java.util.concurrent.CompletableFuture.encodeThrowable(CompletableFuture.java:331)
	at java.base/java.util.concurrent.CompletableFuture.completeThrowable(CompletableFuture.java:346)
	at java.base/java.util.concurrent.CompletableFuture$UniAccept.tryFire(CompletableFuture.java:704)
	at java.base/java.util.concurrent.CompletableFuture.postComplete(CompletableFuture.java:506)
	at java.base/java.util.concurrent.CompletableFuture.completeExceptionally(CompletableFuture.java:2088)
	at scala.meta.internal.metals.CancelTokens$.$anonfun$future$1(CancelTokens.scala:38)
	at scala.meta.internal.metals.CancelTokens$.$anonfun$future$1$adapted(CancelTokens.scala:36)
	at scala.concurrent.impl.CallbackRunnable.run(Promise.scala:64)
	at java.base/java.util.concurrent.ThreadPoolExecutor.runWorker(ThreadPoolExecutor.java:1128)
	at java.base/java.util.concurrent.ThreadPoolExecutor$Worker.run(ThreadPoolExecutor.java:628)
	at java.base/java.lang.Thread.run(Thread.java:834)
Caused by: java.lang.StringIndexOutOfBoundsException: String index out of range: -1
	at java.base/java.lang.StringLatin1.charAt(StringLatin1.java:47)
	at java.base/java.lang.String.charAt(String.java:693)
	at scala.collection.immutable.StringOps$.apply$extension(StringOps.scala:41)
	at scala.meta.internal.metals.MetalsEnrichments$XtensionString.lastIndexBetween(MetalsEnrichments.scala:408)
	at scala.meta.internal.metals.MultilineStringFormattingProvider.pipeInScope(MultilineStringFormattingProvider.scala:93)
	at scala.meta.internal.metals.MultilineStringFormattingProvider.$anonfun$withToken$1(MultilineStringFormattingProvider.scala:139)
	at scala.concurrent.Future$.$anonfun$apply$1(Future.scala:659)
	at scala.util.Success.$anonfun$map$1(Try.scala:255)
	at scala.util.Success.map(Try.scala:213)
	at scala.concurrent.Future.$anonfun$map$1(Future.scala:292)
	at scala.concurrent.impl.Promise.liftedTree1$1(Promise.scala:33)
	at scala.concurrent.impl.Promise.$anonfun$transform$1(Promise.scala:33)
	... 4 more

INFO  running 'C:\Users\onefi\AppData\Local\Temp\metals17711283438710544912\millw.bat --mill-version 0.6.1 --predef C:\Users\onefi\AppData\Local\Temp\metals17711283438710544912\predef.sc mill.contrib.Bloop/install'
INFO  Downloading mill 0.6.1 from https://github.com/lihaoyi/mill/releases ...
INFO  
INFO  BITSADMIN version 3.0
INFO  BITS administration utility.
INFO  (C) Copyright Microsoft Corp.
INFO  
INFO  Transfer complete.
INFO          1 file(s) moved.
INFO  Preparing Java 11.0.6 runtime; this may take a minute or two ...
INFO  Compiling (synthetic)/ammonite/predef/interpBridge.sc
INFO  Compiling (synthetic)/ammonite/predef/sourceBridge.sc
INFO  Compiling (synthetic)/ammonite/predef/frontEndBridge.sc
INFO  Compiling (synthetic)/ammonite/predef/DefaultPredef.sc
INFO  Compiling C:\Users\onefi\source\repos\matrix\build.sc
INFO  Cannot resolve --mill-version. Try `mill resolve _` to see what's available.
INFO  Failed to connect to server
INFO  build tool exit: 1
INFO  time: ran 'mill bloopInstall' in 2m7s
ERROR Mill command failed: C:\Users\onefi\AppData\Local\Temp\metals17711283438710544912\millw.bat --mill-version 0.6.1 --predef C:\Users\onefi\AppData\Local\Temp\metals17711283438710544912\predef.sc mill.contrib.Bloop/install
Mar 19, 2020 8:48:29 PM org.eclipse.lsp4j.jsonrpc.RemoteEndpoint handleCancellation
WARNING: Unmatched cancel notification for request id 421
WARN  no build target for: C:\Users\onefi\source\repos\matrix\matrcomp\src\Main.scala
Mar 19, 2020 8:49:44 PM org.eclipse.lsp4j.jsonrpc.RemoteEndpoint fallbackResponseError
SEVERE: Internal error: java.lang.StringIndexOutOfBoundsException: String index out of range: -1
java.util.concurrent.CompletionException: java.lang.StringIndexOutOfBoundsException: String index out of range: -1
	at java.base/java.util.concurrent.CompletableFuture.encodeThrowable(CompletableFuture.java:331)
	at java.base/java.util.concurrent.CompletableFuture.completeThrowable(CompletableFuture.java:346)
	at java.base/java.util.concurrent.CompletableFuture$UniAccept.tryFire(CompletableFuture.java:704)
	at java.base/java.util.concurrent.CompletableFuture.postComplete(CompletableFuture.java:506)
	at java.base/java.util.concurrent.CompletableFuture.completeExceptionally(CompletableFuture.java:2088)
	at scala.meta.internal.metals.CancelTokens$.$anonfun$future$1(CancelTokens.scala:38)
	at scala.meta.internal.metals.CancelTokens$.$anonfun$future$1$adapted(CancelTokens.scala:36)
	at scala.concurrent.impl.CallbackRunnable.run(Promise.scala:64)
	at java.base/java.util.concurrent.ThreadPoolExecutor.runWorker(ThreadPoolExecutor.java:1128)
	at java.base/java.util.concurrent.ThreadPoolExecutor$Worker.run(ThreadPoolExecutor.java:628)
	at java.base/java.lang.Thread.run(Thread.java:834)
Caused by: java.lang.StringIndexOutOfBoundsException: String index out of range: -1
	at java.base/java.lang.StringLatin1.charAt(StringLatin1.java:47)
	at java.base/java.lang.String.charAt(String.java:693)
	at scala.collection.immutable.StringOps$.apply$extension(StringOps.scala:41)
	at scala.meta.internal.metals.MetalsEnrichments$XtensionString.lastIndexBetween(MetalsEnrichments.scala:408)
	at scala.meta.internal.metals.MultilineStringFormattingProvider.pipeInScope(MultilineStringFormattingProvider.scala:93)
	at scala.meta.internal.metals.MultilineStringFormattingProvider.$anonfun$withToken$1(MultilineStringFormattingProvider.scala:139)
	at scala.concurrent.Future$.$anonfun$apply$1(Future.scala:659)
	at scala.util.Success.$anonfun$map$1(Try.scala:255)
	at scala.util.Success.map(Try.scala:213)
	at scala.concurrent.Future.$anonfun$map$1(Future.scala:292)
	at scala.concurrent.impl.Promise.liftedTree1$1(Promise.scala:33)
	at scala.concurrent.impl.Promise.$anonfun$transform$1(Promise.scala:33)
	... 4 more

WARN  no build target for: C:\Users\onefi\source\repos\matrix\matrcomp\src\Main.scala
Mar 19, 2020 9:00:55 PM org.eclipse.lsp4j.jsonrpc.RemoteEndpoint fallbackResponseError
SEVERE: Internal error: java.lang.StringIndexOutOfBoundsException: String index out of range: -1
java.util.concurrent.CompletionException: java.lang.StringIndexOutOfBoundsException: String index out of range: -1
	at java.base/java.util.concurrent.CompletableFuture.encodeThrowable(CompletableFuture.java:331)
	at java.base/java.util.concurrent.CompletableFuture.completeThrowable(CompletableFuture.java:346)
	at java.base/java.util.concurrent.CompletableFuture$UniAccept.tryFire(CompletableFuture.java:704)
	at java.base/java.util.concurrent.CompletableFuture.postComplete(CompletableFuture.java:506)
	at java.base/java.util.concurrent.CompletableFuture.completeExceptionally(CompletableFuture.java:2088)
	at scala.meta.internal.metals.CancelTokens$.$anonfun$future$1(CancelTokens.scala:38)
	at scala.meta.internal.metals.CancelTokens$.$anonfun$future$1$adapted(CancelTokens.scala:36)
	at scala.concurrent.impl.CallbackRunnable.run(Promise.scala:64)
	at java.base/java.util.concurrent.ThreadPoolExecutor.runWorker(ThreadPoolExecutor.java:1128)
	at java.base/java.util.concurrent.ThreadPoolExecutor$Worker.run(ThreadPoolExecutor.java:628)
	at java.base/java.lang.Thread.run(Thread.java:834)
Caused by: java.lang.StringIndexOutOfBoundsException: String index out of range: -1
	at java.base/java.lang.StringLatin1.charAt(StringLatin1.java:47)
	at java.base/java.lang.String.charAt(String.java:693)
	at scala.collection.immutable.StringOps$.apply$extension(StringOps.scala:41)
	at scala.meta.internal.metals.MetalsEnrichments$XtensionString.lastIndexBetween(MetalsEnrichments.scala:408)
	at scala.meta.internal.metals.MultilineStringFormattingProvider.pipeInScope(MultilineStringFormattingProvider.scala:93)
	at scala.meta.internal.metals.MultilineStringFormattingProvider.$anonfun$withToken$1(MultilineStringFormattingProvider.scala:139)
	at scala.concurrent.Future$.$anonfun$apply$1(Future.scala:659)
	at scala.util.Success.$anonfun$map$1(Try.scala:255)
	at scala.util.Success.map(Try.scala:213)
	at scala.concurrent.Future.$anonfun$map$1(Future.scala:292)
	at scala.concurrent.impl.Promise.liftedTree1$1(Promise.scala:33)
	at scala.concurrent.impl.Promise.$anonfun$transform$1(Promise.scala:33)
	... 4 more

something's wrong: no file:///c%3A/Users/onefi/source/repos/matrix/matrcomp/src/Main.scala in Vector[<error>]RangePosition(file:///c%3A/Users/onefi/source/repos/matrix/matrcomp/src/Main.scala, 52, 52, 68)
something's wrong: no file:///c%3A/Users/onefi/source/repos/matrix/matrcomp/src/Main.scala in Vector[<error>]RangePosition(file:///c%3A/Users/onefi/source/repos/matrix/matrcomp/src/Main.scala, 52, 52, 61)
something's wrong: no file:///c%3A/Users/onefi/source/repos/matrix/matrcomp/src/Main.scala in Vector[<error>]RangePosition(file:///c%3A/Users/onefi/source/repos/matrix/matrcomp/src/Main.scala, 52, 52, 61)
something's wrong: no file:///c%3A/Users/onefi/source/repos/matrix/matrcomp/src/Main.scala in Vector[<error>]RangePosition(file:///c%3A/Users/onefi/source/repos/matrix/matrcomp/src/Main.scala, 52, 52, 61)
something's wrong: no file:///c%3A/Users/onefi/source/repos/matrix/matrcomp/src/Main.scala in Vector[<error>]RangePosition(file:///c%3A/Users/onefi/source/repos/matrix/matrcomp/src/Main.scala, 52, 52, 68)
something's wrong: no file:///c%3A/Users/onefi/source/repos/matrix/matrcomp/src/Main.scala in Vector[<error>]RangePosition(file:///c%3A/Users/onefi/source/repos/matrix/matrcomp/src/Main.scala, 52, 52, 61)
something's wrong: no file:///c%3A/Users/onefi/source/repos/matrix/matrcomp/src/Main.scala in Vector[Int]RangePosition(file:///c%3A/Users/onefi/source/repos/matrix/matrcomp/src/Main.scala, 52, 52, 63)
something's wrong: no file:///c%3A/Users/onefi/source/repos/matrix/matrcomp/src/Main.scala in Vector[Int]RangePosition(file:///c%3A/Users/onefi/source/repos/matrix/matrcomp/src/Main.scala, 52, 52, 63)
something's wrong: no file:///c%3A/Users/onefi/source/repos/matrix/matrcomp/src/Main.scala in Vector[<error>]RangePosition(file:///c%3A/Users/onefi/source/repos/matrix/matrcomp/src/Main.scala, 90, 90, 117)
something's wrong: no file:///c%3A/Users/onefi/source/repos/matrix/matrcomp/src/Main.scala in Vector[<error>]RangePosition(file:///c%3A/Users/onefi/source/repos/matrix/matrcomp/src/Main.scala, 90, 90, 106)
Mar 19, 2020 9:32:07 PM org.eclipse.lsp4j.jsonrpc.RemoteEndpoint handleCancellation
WARNING: Unmatched cancel notification for request id 945
Mar 19, 2020 9:32:07 PM org.eclipse.lsp4j.jsonrpc.RemoteEndpoint handleCancellation
WARNING: Unmatched cancel notification for request id 947
WARN  no build target for: C:\Users\onefi\source\repos\matrix\matrcomp\src\Main.scala
WARN  no build target for: C:\Users\onefi\source\repos\matrix\matrcomp\src\Main.scala
WARN  code navigation does not work for the file 'C:\Users\onefi\source\repos\matrix\matrcomp\src\Main.scala' because it doesn't belong to a build target.
WARN  code navigation does not work for the file 'C:\Users\onefi\source\repos\matrix\matrcomp\src\Main.scala' because it doesn't belong to a build target.
WARN  no build target for: C:\Users\onefi\source\repos\matrix\matrcomp\src\Main.scala
WARN  no build target for: C:\Users\onefi\source\repos\matrix\matrcomp\src\Main.scala
Mar 21, 2020 4:39:04 PM scala.meta.internal.pc.CompilerAccess retryWithCleanCompiler
INFO: compiler crashed due to an error in the Scala compiler, retrying with new compiler instance.
Mar 21, 2020 4:39:05 PM scala.meta.internal.pc.CompilerAccess handleError
SEVERE: null
java.lang.NullPointerException
	at scala.reflect.internal.Definitions$DefinitionsClass.isByNameParamType(Definitions.scala:417)
	at scala.reflect.internal.TreeInfo.isStableIdent(TreeInfo.scala:138)
	at scala.reflect.internal.TreeInfo.isStableIdentifier(TreeInfo.scala:113)
	at scala.reflect.internal.TreeInfo.isPath(TreeInfo.scala:102)
	at scala.reflect.internal.TreeInfo.admitsTypeSelection(TreeInfo.scala:156)
	at scala.tools.nsc.interactive.Global.stabilizedType(Global.scala:959)
	at scala.tools.nsc.interactive.Global.typedTreeAt(Global.scala:807)
	at scala.meta.internal.pc.SignatureHelpProvider.signatureHelp(SignatureHelpProvider.scala:22)

something's wrong: no file:///c%3A/Users/onefi/source/repos/matrix/matrcomp/src/Main.scala in Vector[<error>]RangePosition(file:///c%3A/Users/onefi/source/repos/matrix/matrcomp/src/Main.scala, 284, 284, 300)
something's wrong: no file:///c%3A/Users/onefi/source/repos/matrix/matrcomp/src/Main.scala in Vector[<error>]RangePosition(file:///c%3A/Users/onefi/source/repos/matrix/matrcomp/src/Main.scala, 284, 284, 293)
something's wrong: no file:///c%3A/Users/onefi/source/repos/matrix/matrcomp/src/Main.scala in Vector[Int]RangePosition(file:///c%3A/Users/onefi/source/repos/matrix/matrcomp/src/Main.scala, 284, 284, 295)
something's wrong: no file:///c%3A/Users/onefi/source/repos/matrix/matrcomp/src/Main.scala in Vector[Int]RangePosition(file:///c%3A/Users/onefi/source/repos/matrix/matrcomp/src/Main.scala, 284, 284, 295)
something's wrong: no file:///c%3A/Users/onefi/source/repos/matrix/matrcomp/src/Main.scala in Vector[Int]RangePosition(file:///c%3A/Users/onefi/source/repos/matrix/matrcomp/src/Main.scala, 284, 284, 295)
WARN  no build target for: C:\Users\onefi\source\repos\matrix\matrcomp\src\Main.scala
Mar 21, 2020 4:50:40 PM scala.meta.internal.pc.CompilerAccess retryWithCleanCompiler
INFO: compiler crashed due to an error in the Scala compiler, retrying with new compiler instance.
Mar 21, 2020 4:50:40 PM scala.meta.internal.pc.CompilerAccess handleError
SEVERE: null
java.lang.NullPointerException
	at scala.reflect.internal.Definitions$DefinitionsClass.isByNameParamType(Definitions.scala:417)
	at scala.reflect.internal.TreeInfo.isStableIdent(TreeInfo.scala:138)
	at scala.reflect.internal.TreeInfo.isStableIdentifier(TreeInfo.scala:113)
	at scala.reflect.internal.TreeInfo.isPath(TreeInfo.scala:102)
	at scala.reflect.internal.TreeInfo.admitsTypeSelection(TreeInfo.scala:156)
	at scala.tools.nsc.interactive.Global.stabilizedType(Global.scala:959)
	at scala.tools.nsc.interactive.Global.typedTreeAt(Global.scala:807)
	at scala.meta.internal.pc.SignatureHelpProvider.signatureHelp(SignatureHelpProvider.scala:22)

something's wrong: no file:///c%3A/Users/onefi/source/repos/matrix/matrcomp/src/Main.scala in Vector[<error>]RangePosition(file:///c%3A/Users/onefi/source/repos/matrix/matrcomp/src/Main.scala, 107, 107, 123)
something's wrong: no file:///c%3A/Users/onefi/source/repos/matrix/matrcomp/src/Main.scala in Vector[<error>]RangePosition(file:///c%3A/Users/onefi/source/repos/matrix/matrcomp/src/Main.scala, 107, 107, 116)
something's wrong: no file:///c%3A/Users/onefi/source/repos/matrix/matrcomp/src/Main.scala in Vector[Int]RangePosition(file:///c%3A/Users/onefi/source/repos/matrix/matrcomp/src/Main.scala, 107, 107, 118)
something's wrong: no file:///c%3A/Users/onefi/source/repos/matrix/matrcomp/src/Main.scala in Vector[Int]RangePosition(file:///c%3A/Users/onefi/source/repos/matrix/matrcomp/src/Main.scala, 107, 107, 118)
something's wrong: no file:///c%3A/Users/onefi/source/repos/matrix/matrcomp/src/Main.scala in Vector[Int]RangePosition(file:///c%3A/Users/onefi/source/repos/matrix/matrcomp/src/Main.scala, 107, 107, 118)
WARN  code navigation does not work for the file 'C:\Users\onefi\source\repos\matrix\matrcomp\src\Main.scala' because it doesn't belong to a build target.
WARN  code navigation does not work for the file 'C:\Users\onefi\source\repos\matrix\matrcomp\src\Main.scala' because it doesn't belong to a build target.
WARN  no build target for: C:\Users\onefi\source\repos\matrix\matrcomp\src\Main.scala
WARN  no build target for: C:\Users\onefi\source\repos\matrix\matrcomp\src\Main.scala
WARN  code navigation does not work for the file 'C:\Users\onefi\source\repos\matrix\matrcomp\src\Main.scala' because it doesn't belong to a build target.
WARN  code navigation does not work for the file 'C:\Users\onefi\source\repos\matrix\matrcomp\src\Main.scala' because it doesn't belong to a build target.
WARN  code navigation does not work for the file 'C:\Users\onefi\source\repos\matrix\matrcomp\src\Main.scala' because it doesn't belong to a build target.
WARN  code navigation does not work for the file 'C:\Users\onefi\source\repos\matrix\matrcomp\src\Main.scala' because it doesn't belong to a build target.
something's wrong: no file:///c%3A/Users/onefi/source/repos/matrix/matrcomp/src/Main.scala in Vector[Int]RangePosition(file:///c%3A/Users/onefi/source/repos/matrix/matrcomp/src/Main.scala, 110, 110, 121)
WARN  no build target for: C:\Users\onefi\source\repos\matrix\matrcomp\src\Main.scala
WARN  no build target for: C:\Users\onefi\source\repos\matrix\matrcomp\src\Main.scala
something's wrong: no file:///c%3A/Users/onefi/source/repos/matrix/matrcomp/src/Main.scala in Vector[Int]RangePosition(file:///c%3A/Users/onefi/source/repos/matrix/matrcomp/src/Main.scala, 365, 365, 376)
WARN  no build target for: C:\Users\onefi\source\repos\matrix\matrcomp\src\Main.scala
WARN  no build target for: C:\Users\onefi\source\repos\matrix\matrcomp\src\Main.scala
WARN  no build target for: C:\Users\onefi\source\repos\matrix\matrcomp\src\Main.scala
WARN  no build target for: C:\Users\onefi\source\repos\matrix\matrcomp\src\Main.scala
WARN  no build target for: C:\Users\onefi\source\repos\matrix\matrcomp\src\Main.scala
WARN  no build target for: C:\Users\onefi\source\repos\matrix\matrcomp\src\Main.scala
something's wrong: no file:///c%3A/Users/onefi/source/repos/matrix/matrcomp/src/Main.scala in Vector[Int]RangePosition(file:///c%3A/Users/onefi/source/repos/matrix/matrcomp/src/Main.scala, 457, 457, 468)
Mar 21, 2020 6:18:36 PM scala.meta.internal.pc.CompilerAccess retryWithCleanCompiler
INFO: compiler crashed due to an error in the Scala compiler, retrying with new compiler instance.
Mar 21, 2020 6:18:36 PM scala.meta.internal.pc.CompilerAccess handleError
SEVERE: implicit class <error> extends  (of class scala.reflect.internal.Trees$ClassDef)
scala.MatchError: implicit class <error> extends  (of class scala.reflect.internal.Trees$ClassDef)
	at scala.tools.nsc.typechecker.Unapplies.constrParamss(Unapplies.scala:64)
	at scala.tools.nsc.typechecker.Unapplies.factoryMeth(Unapplies.scala:141)
	at scala.tools.nsc.typechecker.Unapplies.factoryMeth$(Unapplies.scala:138)
	at scala.meta.internal.pc.MetalsGlobal$MetalsInteractiveAnalyzer.factoryMeth(MetalsGlobal.scala:52)
	at scala.tools.nsc.typechecker.MethodSynthesis$MethodSynth.enterImplicitWrapper(MethodSynthesis.scala:229)
	at scala.tools.nsc.typechecker.MethodSynthesis$MethodSynth.enterImplicitWrapper$(MethodSynthesis.scala:228)
	at scala.tools.nsc.typechecker.Namers$Namer.enterImplicitWrapper(Namers.scala:58)
	at scala.tools.nsc.interactive.InteractiveAnalyzer$InteractiveNamer.enterExistingSym(Global.scala:94)
	at scala.tools.nsc.interactive.InteractiveAnalyzer$InteractiveNamer.enterExistingSym$(Global.scala:80)
	at scala.tools.nsc.interactive.InteractiveAnalyzer$$anon$2.enterExistingSym(Global.scala:51)
	at scala.tools.nsc.typechecker.Namers$Namer.standardEnterSym(Namers.scala:298)
	at scala.tools.nsc.typechecker.AnalyzerPlugins.pluginsEnterSym(AnalyzerPlugins.scala:479)
	at scala.tools.nsc.typechecker.AnalyzerPlugins.pluginsEnterSym$(AnalyzerPlugins.scala:478)
	at scala.meta.internal.pc.MetalsGlobal$MetalsInteractiveAnalyzer.pluginsEnterSym(MetalsGlobal.scala:52)
	at scala.tools.nsc.typechecker.Namers$Namer.enterSym(Namers.scala:272)
	at scala.tools.nsc.typechecker.Typers$Typer.enterSym(Typers.scala:1933)
	at scala.tools.nsc.typechecker.Typers$Typer.$anonfun$enterSyms$1(Typers.scala:1928)
	at scala.tools.nsc.typechecker.Typers$Typer.enterSyms(Typers.scala:1928)
	at scala.tools.nsc.typechecker.Typers$Typer.typedTemplate(Typers.scala:1990)
	at scala.tools.nsc.typechecker.Typers$Typer.typedModuleDef(Typers.scala:1883)
	at scala.tools.nsc.typechecker.Typers$Typer.typed1(Typers.scala:5654)
	at scala.tools.nsc.typechecker.Typers$Typer.typed(Typers.scala:5733)
	at scala.tools.nsc.typechecker.Typers$Typer.typedStat$1(Typers.scala:5797)
	at scala.tools.nsc.typechecker.Typers$Typer.$anonfun$typedStats$10(Typers.scala:3357)
	at scala.tools.nsc.typechecker.Typers$Typer.typedStats(Typers.scala:3357)
	at scala.tools.nsc.typechecker.Typers$Typer.typedPackageDef$1(Typers.scala:5363)
	at scala.tools.nsc.typechecker.Typers$Typer.typed1(Typers.scala:5656)
	at scala.tools.nsc.typechecker.Typers$Typer.typed(Typers.scala:5733)
	at scala.tools.nsc.typechecker.Analyzer$typerFactory$TyperPhase.apply(Analyzer.scala:115)
	at scala.tools.nsc.Global$GlobalPhase.applyPhase(Global.scala:451)
	at scala.tools.nsc.interactive.Global$TyperRun.$anonfun$applyPhase$1(Global.scala:1340)
	at scala.tools.nsc.interactive.Global$TyperRun.applyPhase(Global.scala:1340)
	at scala.tools.nsc.interactive.Global$TyperRun.typeCheck(Global.scala:1333)
	at scala.tools.nsc.interactive.Global.typeCheck(Global.scala:665)
	at scala.tools.nsc.interactive.Global.typedTreeAt(Global.scala:814)
	at scala.tools.nsc.interactive.Global.completionsAt(Global.scala:1225)
	at scala.meta.internal.pc.CompletionProvider.safeCompletionsAt(CompletionProvider.scala:369)
	at scala.meta.internal.pc.CompletionProvider.completions(CompletionProvider.scala:52)

something's wrong: no file:///c%3A/Users/onefi/source/repos/matrix/matrcomp/src/Main.scala in Vector[<error>]RangePosition(file:///c%3A/Users/onefi/source/repos/matrix/matrcomp/src/Main.scala, 588, 588, 604)
something's wrong: no file:///c%3A/Users/onefi/source/repos/matrix/matrcomp/src/Main.scala in Vector[<error>]RangePosition(file:///c%3A/Users/onefi/source/repos/matrix/matrcomp/src/Main.scala, 588, 588, 597)
something's wrong: no file:///c%3A/Users/onefi/source/repos/matrix/matrcomp/src/Main.scala in Vector[<error>]RangePosition(file:///c%3A/Users/onefi/source/repos/matrix/matrcomp/src/Main.scala, 588, 588, 599)
something's wrong: no file:///c%3A/Users/onefi/source/repos/matrix/matrcomp/src/Main.scala in Vector[<error>]RangePosition(file:///c%3A/Users/onefi/source/repos/matrix/matrcomp/src/Main.scala, 588, 588, 601)
something's wrong: no file:///c%3A/Users/onefi/source/repos/matrix/matrcomp/src/Main.scala in Vector[<error>]RangePosition(file:///c%3A/Users/onefi/source/repos/matrix/matrcomp/src/Main.scala, 588, 588, 602)
something's wrong: no file:///c%3A/Users/onefi/source/repos/matrix/matrcomp/src/Main.scala in Vector[<error>]RangePosition(file:///c%3A/Users/onefi/source/repos/matrix/matrcomp/src/Main.scala, 595, 595, 611)
something's wrong: no file:///c%3A/Users/onefi/source/repos/matrix/matrcomp/src/Main.scala in Vector[<error>]RangePosition(file:///c%3A/Users/onefi/source/repos/matrix/matrcomp/src/Main.scala, 595, 595, 604)
something's wrong: no file:///c%3A/Users/onefi/source/repos/matrix/matrcomp/src/Main.scala in Vector[Int]RangePosition(file:///c%3A/Users/onefi/source/repos/matrix/matrcomp/src/Main.scala, 595, 595, 606)
something's wrong: no file:///c%3A/Users/onefi/source/repos/matrix/matrcomp/src/Main.scala in Vector[Int]RangePosition(file:///c%3A/Users/onefi/source/repos/matrix/matrcomp/src/Main.scala, 595, 595, 606)
something's wrong: no file:///c%3A/Users/onefi/source/repos/matrix/matrcomp/src/Main.scala in Vector[Int]RangePosition(file:///c%3A/Users/onefi/source/repos/matrix/matrcomp/src/Main.scala, 595, 595, 606)
WARN  no build target for: C:\Users\onefi\source\repos\matrix\matrcomp\src\Main.scala
WARN  no build target for: C:\Users\onefi\source\repos\matrix\matrcomp\src\Main.scala
Mar 21, 2020 6:36:59 PM scala.meta.internal.pc.CompilerAccess retryWithCleanCompiler
INFO: compiler crashed due to an error in the Scala compiler, retrying with new compiler instance.
Mar 21, 2020 6:37:00 PM scala.meta.internal.pc.CompilerAccess handleError
SEVERE: null
java.lang.NullPointerException
	at scala.reflect.internal.Definitions$DefinitionsClass.isByNameParamType(Definitions.scala:417)
	at scala.reflect.internal.TreeInfo.isStableIdent(TreeInfo.scala:138)
	at scala.reflect.internal.TreeInfo.isStableIdentifier(TreeInfo.scala:113)
	at scala.reflect.internal.TreeInfo.isPath(TreeInfo.scala:102)
	at scala.reflect.internal.TreeInfo.admitsTypeSelection(TreeInfo.scala:156)
	at scala.tools.nsc.interactive.Global.stabilizedType(Global.scala:959)
	at scala.tools.nsc.interactive.Global.typedTreeAt(Global.scala:807)
	at scala.meta.internal.pc.SignatureHelpProvider.signatureHelp(SignatureHelpProvider.scala:22)

something's wrong: no file:///c%3A/Users/onefi/source/repos/matrix/matrcomp/src/Main.scala in Vector[<error>]RangePosition(file:///c%3A/Users/onefi/source/repos/matrix/matrcomp/src/Main.scala, 513, 513, 529)
something's wrong: no file:///c%3A/Users/onefi/source/repos/matrix/matrcomp/src/Main.scala in Vector[Int]RangePosition(file:///c%3A/Users/onefi/source/repos/matrix/matrcomp/src/Main.scala, 513, 513, 524)
WARN  no build target for: C:\Users\onefi\source\repos\matrix\matrcomp\src\Main.scala
WARN  code navigation does not work for the file 'C:\Users\onefi\source\repos\matrix\matrcomp\src\Main.scala' because it doesn't belong to a build target.
WARN  code navigation does not work for the file 'C:\Users\onefi\source\repos\matrix\matrcomp\src\Main.scala' because it doesn't belong to a build target.
WARN  no build target for: C:\Users\onefi\source\repos\matrix\matrcomp\src\Main.scala
Mar 21, 2020 6:55:26 PM scala.meta.internal.pc.CompilerAccess retryWithCleanCompiler
INFO: compiler crashed due to an error in the Scala compiler, retrying with new compiler instance.
Mar 21, 2020 6:55:26 PM scala.meta.internal.pc.CompilerAccess handleError
SEVERE: null
java.lang.NullPointerException
	at scala.reflect.internal.Definitions$DefinitionsClass.isByNameParamType(Definitions.scala:417)
	at scala.reflect.internal.TreeInfo.isStableIdent(TreeInfo.scala:138)
	at scala.reflect.internal.TreeInfo.isStableIdentifier(TreeInfo.scala:113)
	at scala.reflect.internal.TreeInfo.isPath(TreeInfo.scala:102)
	at scala.reflect.internal.TreeInfo.admitsTypeSelection(TreeInfo.scala:156)
	at scala.tools.nsc.interactive.Global.stabilizedType(Global.scala:959)
	at scala.tools.nsc.interactive.Global.typedTreeAt(Global.scala:807)
	at scala.meta.internal.pc.SignatureHelpProvider.signatureHelp(SignatureHelpProvider.scala:22)

something's wrong: no file:///c%3A/Users/onefi/source/repos/matrix/matrcomp/src/Main.scala in Vector[<error>]RangePosition(file:///c%3A/Users/onefi/source/repos/matrix/matrcomp/src/Main.scala, 768, 768, 777)
something's wrong: no file:///c%3A/Users/onefi/source/repos/matrix/matrcomp/src/Main.scala in Vector[<error>]RangePosition(file:///c%3A/Users/onefi/source/repos/matrix/matrcomp/src/Main.scala, 768, 768, 784)
something's wrong: no file:///c%3A/Users/onefi/source/repos/matrix/matrcomp/src/Main.scala in Vector[<error>]RangePosition(file:///c%3A/Users/onefi/source/repos/matrix/matrcomp/src/Main.scala, 768, 768, 777)
something's wrong: no file:///c%3A/Users/onefi/source/repos/matrix/matrcomp/src/Main.scala in Vector[<error>]RangePosition(file:///c%3A/Users/onefi/source/repos/matrix/matrcomp/src/Main.scala, 768, 768, 778)
something's wrong: no file:///c%3A/Users/onefi/source/repos/matrix/matrcomp/src/Main.scala in Vector[<error>]RangePosition(file:///c%3A/Users/onefi/source/repos/matrix/matrcomp/src/Main.scala, 768, 768, 779)
something's wrong: no file:///c%3A/Users/onefi/source/repos/matrix/matrcomp/src/Main.scala in Vector[<error>]RangePosition(file:///c%3A/Users/onefi/source/repos/matrix/matrcomp/src/Main.scala, 768, 768, 778)
something's wrong: no file:///c%3A/Users/onefi/source/repos/matrix/matrcomp/src/Main.scala in Vector[<error>]RangePosition(file:///c%3A/Users/onefi/source/repos/matrix/matrcomp/src/Main.scala, 768, 768, 777)
something's wrong: no file:///c%3A/Users/onefi/source/repos/matrix/matrcomp/src/Main.scala in Vector[Int]RangePosition(file:///c%3A/Users/onefi/source/repos/matrix/matrcomp/src/Main.scala, 768, 768, 779)
something's wrong: no file:///c%3A/Users/onefi/source/repos/matrix/matrcomp/src/Main.scala in Vector[Int]RangePosition(file:///c%3A/Users/onefi/source/repos/matrix/matrcomp/src/Main.scala, 768, 768, 779)
something's wrong: no file:///c%3A/Users/onefi/source/repos/matrix/matrcomp/src/Main.scala in Vector[Int]RangePosition(file:///c%3A/Users/onefi/source/repos/matrix/matrcomp/src/Main.scala, 768, 768, 779)
something's wrong: no file:///c%3A/Users/onefi/source/repos/matrix/matrcomp/src/Main.scala in Vector[<error>]RangePosition(file:///c%3A/Users/onefi/source/repos/matrix/matrcomp/src/Main.scala, 671, 671, 687)
something's wrong: no file:///c%3A/Users/onefi/source/repos/matrix/matrcomp/src/Main.scala in Vector[<error>]RangePosition(file:///c%3A/Users/onefi/source/repos/matrix/matrcomp/src/Main.scala, 671, 671, 680)
something's wrong: no file:///c%3A/Users/onefi/source/repos/matrix/matrcomp/src/Main.scala in Vector[<error>]RangePosition(file:///c%3A/Users/onefi/source/repos/matrix/matrcomp/src/Main.scala, 671, 671, 682)
something's wrong: no file:///c%3A/Users/onefi/source/repos/matrix/matrcomp/src/Main.scala in Vector[<error>]RangePosition(file:///c%3A/Users/onefi/source/repos/matrix/matrcomp/src/Main.scala, 671, 671, 685)
something's wrong: no file:///c%3A/Users/onefi/source/repos/matrix/matrcomp/src/Main.scala in Vector[<error>]RangePosition(file:///c%3A/Users/onefi/source/repos/matrix/matrcomp/src/Main.scala, 678, 678, 694)
something's wrong: no file:///c%3A/Users/onefi/source/repos/matrix/matrcomp/src/Main.scala in Vector[<error>]RangePosition(file:///c%3A/Users/onefi/source/repos/matrix/matrcomp/src/Main.scala, 678, 678, 687)
something's wrong: no file:///c%3A/Users/onefi/source/repos/matrix/matrcomp/src/Main.scala in Vector[<error>]RangePosition(file:///c%3A/Users/onefi/source/repos/matrix/matrcomp/src/Main.scala, 678, 678, 688)
something's wrong: no file:///c%3A/Users/onefi/source/repos/matrix/matrcomp/src/Main.scala in Vector[Int]RangePosition(file:///c%3A/Users/onefi/source/repos/matrix/matrcomp/src/Main.scala, 678, 678, 689)
something's wrong: no file:///c%3A/Users/onefi/source/repos/matrix/matrcomp/src/Main.scala in Vector[Int]RangePosition(file:///c%3A/Users/onefi/source/repos/matrix/matrcomp/src/Main.scala, 678, 678, 689)
something's wrong: no file:///c%3A/Users/onefi/source/repos/matrix/matrcomp/src/Main.scala in Vector[Int]RangePosition(file:///c%3A/Users/onefi/source/repos/matrix/matrcomp/src/Main.scala, 678, 678, 689)
something's wrong: no file:///c%3A/Users/onefi/source/repos/matrix/matrcomp/src/Main.scala in Vector[<error>]RangePosition(file:///c%3A/Users/onefi/source/repos/matrix/matrcomp/src/Main.scala, 695, 695, 711)
something's wrong: no file:///c%3A/Users/onefi/source/repos/matrix/matrcomp/src/Main.scala in Vector[<error>]RangePosition(file:///c%3A/Users/onefi/source/repos/matrix/matrcomp/src/Main.scala, 695, 695, 704)
something's wrong: no file:///c%3A/Users/onefi/source/repos/matrix/matrcomp/src/Main.scala in Vector[<error>]RangePosition(file:///c%3A/Users/onefi/source/repos/matrix/matrcomp/src/Main.scala, 695, 695, 705)
something's wrong: no file:///c%3A/Users/onefi/source/repos/matrix/matrcomp/src/Main.scala in Vector[Int]RangePosition(file:///c%3A/Users/onefi/source/repos/matrix/matrcomp/src/Main.scala, 695, 695, 706)
something's wrong: no file:///c%3A/Users/onefi/source/repos/matrix/matrcomp/src/Main.scala in Vector[Int]RangePosition(file:///c%3A/Users/onefi/source/repos/matrix/matrcomp/src/Main.scala, 695, 695, 706)
something's wrong: no file:///c%3A/Users/onefi/source/repos/matrix/matrcomp/src/Main.scala in Vector[Int]RangePosition(file:///c%3A/Users/onefi/source/repos/matrix/matrcomp/src/Main.scala, 695, 695, 706)
WARN  no build target for: C:\Users\onefi\source\repos\matrix\matrcomp\src\Main.scala
WARN  no build target for: C:\Users\onefi\source\repos\matrix\matrcomp\src\Main.scala
WARN  no build target for: C:\Users\onefi\source\repos\matrix\matrcomp\src\Main.scala
WARN  code navigation does not work for the file 'C:\Users\onefi\source\repos\matrix\matrcomp\src\Main.scala' because it doesn't belong to a build target.
WARN  code navigation does not work for the file 'C:\Users\onefi\source\repos\matrix\matrcomp\src\Main.scala' because it doesn't belong to a build target.
WARN  code navigation does not work for the file 'C:\Users\onefi\source\repos\matrix\matrcomp\src\Main.scala' because it doesn't belong to a build target.
WARN  code navigation does not work for the file 'C:\Users\onefi\source\repos\matrix\matrcomp\src\Main.scala' because it doesn't belong to a build target.
WARN  code navigation does not work for the file 'C:\Users\onefi\source\repos\matrix\matrcomp\src\Main.scala' because it doesn't belong to a build target.
WARN  code navigation does not work for the file 'C:\Users\onefi\source\repos\matrix\matrcomp\src\Main.scala' because it doesn't belong to a build target.
WARN  no build target for: C:\Users\onefi\source\repos\matrix\matrcomp\src\Main.scala
WARN  no build target for: C:\Users\onefi\source\repos\matrix\matrcomp\src\Main.scala
WARN  no build target for: C:\Users\onefi\source\repos\matrix\matrcomp\src\Main.scala
WARN  no build target for: C:\Users\onefi\source\repos\matrix\matrcomp\src\Main.scala
WARN  no build target for: C:\Users\onefi\source\repos\matrix\matrcomp\src\Main.scala
WARN  no build target for: C:\Users\onefi\source\repos\matrix\matrcomp\src\Main.scala
something's wrong: no file:///c%3A/Users/onefi/source/repos/matrix/matrcomp/src/Main.scala in Vector[Int]RangePosition(file:///c%3A/Users/onefi/source/repos/matrix/matrcomp/src/Main.scala, 919, 919, 930)
WARN  code navigation does not work for the file 'C:\Users\onefi\source\repos\matrix\matrcomp\src\Main.scala' because it doesn't belong to a build target.
WARN  code navigation does not work for the file 'C:\Users\onefi\source\repos\matrix\matrcomp\src\Main.scala' because it doesn't belong to a build target.
WARN  code navigation does not work for the file 'C:\Users\onefi\source\repos\matrix\matrcomp\src\Main.scala' because it doesn't belong to a build target.
WARN  code navigation does not work for the file 'C:\Users\onefi\source\repos\matrix\matrcomp\src\Main.scala' because it doesn't belong to a build target.
WARN  no build target for: C:\Users\onefi\source\repos\matrix\matrcomp\src\Main.scala
something's wrong: no file:///c%3A/Users/onefi/source/repos/matrix/matrcomp/src/Main.scala in Vector[Int]RangePosition(file:///c%3A/Users/onefi/source/repos/matrix/matrcomp/src/Main.scala, 680, 680, 691)
something's wrong: no file:///c%3A/Users/onefi/source/repos/matrix/matrcomp/src/Main.scala in Vector[<error>]RangePosition(file:///c%3A/Users/onefi/source/repos/matrix/matrcomp/src/Main.scala, 687, 687, 703)
something's wrong: no file:///c%3A/Users/onefi/source/repos/matrix/matrcomp/src/Main.scala in Vector[<error>]RangePosition(file:///c%3A/Users/onefi/source/repos/matrix/matrcomp/src/Main.scala, 687, 687, 696)
something's wrong: no file:///c%3A/Users/onefi/source/repos/matrix/matrcomp/src/Main.scala in Vector[Int]RangePosition(file:///c%3A/Users/onefi/source/repos/matrix/matrcomp/src/Main.scala, 687, 687, 698)
WARN  no build target for: C:\Users\onefi\source\repos\matrix\matrcomp\src\Main.scala
WARN  no build target for: C:\Users\onefi\source\repos\matrix\matrcomp\src\Main.scala
WARN  no build target for: C:\Users\onefi\source\repos\matrix\matrcomp\src\Main.scala
WARN  no build target for: C:\Users\onefi\source\repos\matrix\matrcomp\src\Main.scala
something's wrong: no file:///c%3A/Users/onefi/source/repos/matrix/matrcomp/src/Main.scala in Vector[Int]RangePosition(file:///c%3A/Users/onefi/source/repos/matrix/matrcomp/src/Main.scala, 687, 687, 698)
WARN  no build target for: C:\Users\onefi\source\repos\matrix\matrcomp\src\Main.scala
WARN  code navigation does not work for the file 'C:\Users\onefi\source\repos\matrix\matrcomp\src\Main.scala' because it doesn't belong to a build target.
WARN  code navigation does not work for the file 'C:\Users\onefi\source\repos\matrix\matrcomp\src\Main.scala' because it doesn't belong to a build target.
WARN  no build target for: C:\Users\onefi\source\repos\matrix\matrcomp\src\Main.scala
WARN  no build target for: C:\Users\onefi\source\repos\matrix\matrcomp\src\Main.scala
WARN  no build target for: C:\Users\onefi\source\repos\matrix\matrcomp\src\Main.scala
WARN  no build target for: C:\Users\onefi\source\repos\matrix\matrcomp\src\Main.scala
WARN  no build target for: C:\Users\onefi\source\repos\matrix\matrcomp\src\Main.scala
WARN  no build target for: C:\Users\onefi\source\repos\matrix\matrcomp\src\Main.scala
WARN  no build target for: C:\Users\onefi\source\repos\matrix\matrcomp\src\Main.scala
WARN  no build target for: C:\Users\onefi\source\repos\matrix\matrcomp\src\Main.scala
WARN  no build target for: C:\Users\onefi\source\repos\matrix\matrcomp\src\Main.scala
WARN  code navigation does not work for the file 'C:\Users\onefi\source\repos\matrix\matrcomp\src\Main.scala' because it doesn't belong to a build target.
WARN  code navigation does not work for the file 'C:\Users\onefi\source\repos\matrix\matrcomp\src\Main.scala' because it doesn't belong to a build target.
WARN  no build target for: C:\Users\onefi\source\repos\matrix\matrcomp\src\Main.scala
WARN  no build target for: C:\Users\onefi\source\repos\matrix\matrcomp\src\Main.scala
WARN  no build target for: C:\Users\onefi\source\repos\matrix\matrcomp\src\Main.scala
WARN  no build target for: C:\Users\onefi\source\repos\matrix\matrcomp\src\Main.scala
WARN  no build target for: C:\Users\onefi\source\repos\matrix\matrcomp\src\Main.scala
INFO  shutting down Metals
INFO  started: Metals version 0.8.3 in workspace 'C:\Users\onefi\source\repos\matrix'
INFO  time: initialize in 5.8s
INFO  skipping build import with status 'Failed'
WARN  no build target for: C:\Users\onefi\source\repos\matrix\matrcomp\src\Main.scala
Mar 25, 2020 7:24:44 PM org.eclipse.lsp4j.jsonrpc.RemoteEndpoint handleCancellation
WARNING: Unmatched cancel notification for request id 2
INFO  no build target: using presentation compiler with only scala-library
Mar 25, 2020 7:36:50 PM scala.meta.internal.pc.CompilerAccess retryWithCleanCompiler
INFO: compiler crashed due to an error in the Scala compiler, retrying with new compiler instance.
Mar 25, 2020 7:36:50 PM scala.meta.internal.pc.CompilerAccess handleError
SEVERE: implicit class <error> extends  (of class scala.reflect.internal.Trees$ClassDef)
scala.MatchError: implicit class <error> extends  (of class scala.reflect.internal.Trees$ClassDef)
	at scala.tools.nsc.typechecker.Unapplies.constrParamss(Unapplies.scala:64)
	at scala.tools.nsc.typechecker.Unapplies.factoryMeth(Unapplies.scala:141)
	at scala.tools.nsc.typechecker.Unapplies.factoryMeth$(Unapplies.scala:138)
	at scala.meta.internal.pc.MetalsGlobal$MetalsInteractiveAnalyzer.factoryMeth(MetalsGlobal.scala:52)
	at scala.tools.nsc.typechecker.MethodSynthesis$MethodSynth.enterImplicitWrapper(MethodSynthesis.scala:229)
	at scala.tools.nsc.typechecker.MethodSynthesis$MethodSynth.enterImplicitWrapper$(MethodSynthesis.scala:228)
	at scala.tools.nsc.typechecker.Namers$Namer.enterImplicitWrapper(Namers.scala:58)
	at scala.tools.nsc.interactive.InteractiveAnalyzer$InteractiveNamer.enterExistingSym(Global.scala:94)
	at scala.tools.nsc.interactive.InteractiveAnalyzer$InteractiveNamer.enterExistingSym$(Global.scala:80)
	at scala.tools.nsc.interactive.InteractiveAnalyzer$$anon$2.enterExistingSym(Global.scala:51)
	at scala.tools.nsc.typechecker.Namers$Namer.standardEnterSym(Namers.scala:298)
	at scala.tools.nsc.typechecker.AnalyzerPlugins.pluginsEnterSym(AnalyzerPlugins.scala:479)
	at scala.tools.nsc.typechecker.AnalyzerPlugins.pluginsEnterSym$(AnalyzerPlugins.scala:478)
	at scala.meta.internal.pc.MetalsGlobal$MetalsInteractiveAnalyzer.pluginsEnterSym(MetalsGlobal.scala:52)
	at scala.tools.nsc.typechecker.Namers$Namer.enterSym(Namers.scala:272)
	at scala.tools.nsc.typechecker.Typers$Typer.enterSym(Typers.scala:1933)
	at scala.tools.nsc.typechecker.Typers$Typer.$anonfun$enterSyms$1(Typers.scala:1928)
	at scala.tools.nsc.typechecker.Typers$Typer.enterSyms(Typers.scala:1928)
	at scala.tools.nsc.typechecker.Typers$Typer.typedTemplate(Typers.scala:1990)
	at scala.tools.nsc.typechecker.Typers$Typer.typedModuleDef(Typers.scala:1883)
	at scala.tools.nsc.typechecker.Typers$Typer.typed1(Typers.scala:5654)
	at scala.tools.nsc.typechecker.Typers$Typer.typed(Typers.scala:5733)
	at scala.tools.nsc.typechecker.Typers$Typer.typedStat$1(Typers.scala:5797)
	at scala.tools.nsc.typechecker.Typers$Typer.$anonfun$typedStats$10(Typers.scala:3357)
	at scala.tools.nsc.typechecker.Typers$Typer.typedStats(Typers.scala:3357)
	at scala.tools.nsc.typechecker.Typers$Typer.typedPackageDef$1(Typers.scala:5363)
	at scala.tools.nsc.typechecker.Typers$Typer.typed1(Typers.scala:5656)
	at scala.tools.nsc.typechecker.Typers$Typer.typed(Typers.scala:5733)
	at scala.tools.nsc.typechecker.Analyzer$typerFactory$TyperPhase.apply(Analyzer.scala:115)
	at scala.tools.nsc.Global$GlobalPhase.applyPhase(Global.scala:451)
	at scala.tools.nsc.interactive.Global$TyperRun.$anonfun$applyPhase$1(Global.scala:1340)
	at scala.tools.nsc.interactive.Global$TyperRun.applyPhase(Global.scala:1340)
	at scala.tools.nsc.interactive.Global$TyperRun.typeCheck(Global.scala:1333)
	at scala.tools.nsc.interactive.Global.typeCheck(Global.scala:665)
	at scala.tools.nsc.interactive.Global.typedTreeAt(Global.scala:814)
	at scala.tools.nsc.interactive.Global.completionsAt(Global.scala:1225)
	at scala.meta.internal.pc.CompletionProvider.safeCompletionsAt(CompletionProvider.scala:369)
	at scala.meta.internal.pc.CompletionProvider.completions(CompletionProvider.scala:52)

something's wrong: no file:///c%3A/Users/onefi/source/repos/matrix/matrcomp/src/Main.scala in Vector[<error>]RangePosition(file:///c%3A/Users/onefi/source/repos/matrix/matrcomp/src/Main.scala, 941, 941, 950)
something's wrong: no file:///c%3A/Users/onefi/source/repos/matrix/matrcomp/src/Main.scala in Vector[<error>]RangePosition(file:///c%3A/Users/onefi/source/repos/matrix/matrcomp/src/Main.scala, 941, 941, 957)
something's wrong: no file:///c%3A/Users/onefi/source/repos/matrix/matrcomp/src/Main.scala in Vector[<error>]RangePosition(file:///c%3A/Users/onefi/source/repos/matrix/matrcomp/src/Main.scala, 941, 941, 952)
something's wrong: no file:///c%3A/Users/onefi/source/repos/matrix/matrcomp/src/Main.scala in Vector[<error>]RangePosition(file:///c%3A/Users/onefi/source/repos/matrix/matrcomp/src/Main.scala, 941, 941, 955)
something's wrong: no file:///c%3A/Users/onefi/source/repos/matrix/matrcomp/src/Main.scala in Vector[<error>]RangePosition(file:///c%3A/Users/onefi/source/repos/matrix/matrcomp/src/Main.scala, 948, 948, 958)
something's wrong: no file:///c%3A/Users/onefi/source/repos/matrix/matrcomp/src/Main.scala in Vector[<error>]RangePosition(file:///c%3A/Users/onefi/source/repos/matrix/matrcomp/src/Main.scala, 948, 948, 964)
something's wrong: no file:///c%3A/Users/onefi/source/repos/matrix/matrcomp/src/Main.scala in Vector[<error>]RangePosition(file:///c%3A/Users/onefi/source/repos/matrix/matrcomp/src/Main.scala, 948, 948, 957)
something's wrong: no file:///c%3A/Users/onefi/source/repos/matrix/matrcomp/src/Main.scala in Vector[Int]RangePosition(file:///c%3A/Users/onefi/source/repos/matrix/matrcomp/src/Main.scala, 948, 948, 959)
something's wrong: no file:///c%3A/Users/onefi/source/repos/matrix/matrcomp/src/Main.scala in Vector[Vector[Int]]RangePosition(file:///c%3A/Users/onefi/source/repos/matrix/matrcomp/src/Main.scala, 941, 941, 960)
something's wrong: no file:///c%3A/Users/onefi/source/repos/matrix/matrcomp/src/Main.scala in Vector[Vector[Int]]RangePosition(file:///c%3A/Users/onefi/source/repos/matrix/matrcomp/src/Main.scala, 941, 941, 960)
something's wrong: no file:///c%3A/Users/onefi/source/repos/matrix/matrcomp/src/Main.scala in Vector[Vector[Int]]RangePosition(file:///c%3A/Users/onefi/source/repos/matrix/matrcomp/src/Main.scala, 941, 941, 960)
something's wrong: no file:///c%3A/Users/onefi/source/repos/matrix/matrcomp/src/Main.scala in Vector[Int]RangePosition(file:///c%3A/Users/onefi/source/repos/matrix/matrcomp/src/Main.scala, 948, 948, 959)
WARN  no build target for: C:\Users\onefi\source\repos\matrix\matrcomp\src\Main.scala
Mar 25, 2020 7:57:14 PM scala.meta.internal.pc.CompilerAccess retryWithCleanCompiler
INFO: compiler crashed due to an error in the Scala compiler, retrying with new compiler instance.
Mar 25, 2020 7:57:15 PM scala.meta.internal.pc.CompilerAccess handleError
SEVERE: null
java.lang.NullPointerException
	at scala.reflect.internal.Definitions$DefinitionsClass.isByNameParamType(Definitions.scala:417)
	at scala.reflect.internal.TreeInfo.isStableIdent(TreeInfo.scala:138)
	at scala.reflect.internal.TreeInfo.isStableIdentifier(TreeInfo.scala:113)
	at scala.reflect.internal.TreeInfo.isPath(TreeInfo.scala:102)
	at scala.reflect.internal.TreeInfo.admitsTypeSelection(TreeInfo.scala:156)
	at scala.tools.nsc.interactive.Global.stabilizedType(Global.scala:959)
	at scala.tools.nsc.interactive.Global.typedTreeAt(Global.scala:807)
	at scala.meta.internal.pc.SignatureHelpProvider.signatureHelp(SignatureHelpProvider.scala:22)

something's wrong: no file:///c%3A/Users/onefi/source/repos/matrix/matrcomp/src/Main.scala in Vector[Int]RangePosition(file:///c%3A/Users/onefi/source/repos/matrix/matrcomp/src/Main.scala, 1008, 1008, 1019)
WARN  code navigation does not work for the file 'C:\Users\onefi\source\repos\matrix\matrcomp\src\Main.scala' because it doesn't belong to a build target.
WARN  code navigation does not work for the file 'C:\Users\onefi\source\repos\matrix\matrcomp\src\Main.scala' because it doesn't belong to a build target.
WARN  code navigation does not work for the file 'C:\Users\onefi\source\repos\matrix\matrcomp\src\Main.scala' because it doesn't belong to a build target.
WARN  code navigation does not work for the file 'C:\Users\onefi\source\repos\matrix\matrcomp\src\Main.scala' because it doesn't belong to a build target.
WARN  code navigation does not work for the file 'C:\Users\onefi\source\repos\matrix\matrcomp\src\Main.scala' because it doesn't belong to a build target.
WARN  code navigation does not work for the file 'C:\Users\onefi\source\repos\matrix\matrcomp\src\Main.scala' because it doesn't belong to a build target.
WARN  code navigation does not work for the file 'C:\Users\onefi\source\repos\matrix\matrcomp\src\Main.scala' because it doesn't belong to a build target.
WARN  code navigation does not work for the file 'C:\Users\onefi\source\repos\matrix\matrcomp\src\Main.scala' because it doesn't belong to a build target.
WARN  no build target for: C:\Users\onefi\source\repos\matrix\matrcomp\src\Main.scala
WARN  no build target for: C:\Users\onefi\source\repos\matrix\matrcomp\src\Main.scala
WARN  no build target for: C:\Users\onefi\source\repos\matrix\matrcomp\src\Main.scala
WARN  no build target for: C:\Users\onefi\source\repos\matrix\matrcomp\src\Main.scala
WARN  no build target for: C:\Users\onefi\source\repos\matrix\matrcomp\src\Main.scala
WARN  no build target for: C:\Users\onefi\source\repos\matrix\matrcomp\src\Main.scala
something's wrong: no file:///c%3A/Users/onefi/source/repos/matrix/matrcomp/src/Main.scala in Vector[Int]RangePosition(file:///c%3A/Users/onefi/source/repos/matrix/matrcomp/src/Main.scala, 857, 857, 868)
WARN  no build target for: C:\Users\onefi\source\repos\matrix\matrcomp\src\Main.scala
something's wrong: no file:///c%3A/Users/onefi/source/repos/matrix/matrcomp/src/Main.scala in Vector[Int]RangePosition(file:///c%3A/Users/onefi/source/repos/matrix/matrcomp/src/Main.scala, 327, 327, 338)
WARN  no build target for: C:\Users\onefi\source\repos\matrix\matrcomp\src\Main.scala
something's wrong: no file:///c%3A/Users/onefi/source/repos/matrix/matrcomp/src/Main.scala in Vector[Int]RangePosition(file:///c%3A/Users/onefi/source/repos/matrix/matrcomp/src/Main.scala, 1008, 1008, 1019)
WARN  no build target for: C:\Users\onefi\source\repos\matrix\matrcomp\src\Main.scala
WARN  no build target for: C:\Users\onefi\source\repos\matrix\matrcomp\src\Main.scala
WARN  no build target for: C:\Users\onefi\source\repos\matrix\matrcomp\src\Main.scala
WARN  no build target for: C:\Users\onefi\source\repos\matrix\matrcomp\src\Main.scala
WARN  no build target for: C:\Users\onefi\source\repos\matrix\matrcomp\src\Main.scala
WARN  no build target for: C:\Users\onefi\source\repos\matrix\matrcomp\src\Main.scala
WARN  no build target for: C:\Users\onefi\source\repos\matrix\matrcomp\src\Main.scala
WARN  no build target for: C:\Users\onefi\source\repos\matrix\matrcomp\src\Main.scala
WARN  no build target for: C:\Users\onefi\source\repos\matrix\matrcomp\src\Main.scala
WARN  no build target for: C:\Users\onefi\source\repos\matrix\matrcomp\src\Main.scala
WARN  no build target for: C:\Users\onefi\source\repos\matrix\matrcomp\src\Main.scala
WARN  no build target for: C:\Users\onefi\source\repos\matrix\matrcomp\src\Main.scala
WARN  no build target for: C:\Users\onefi\source\repos\matrix\matrcomp\src\Main.scala
